A51 MACRO ASSEMBLER  EX4_1                                                                10/06/2022 19:56:50 PAGE     1


MACRO ASSEMBLER A51 V8.2.7.0
OBJECT MODULE PLACED IN .\Objects\ex4_1.obj
ASSEMBLER INVOKED BY: C:\Keil_v5\C51\BIN\A51.EXE ex4_1.A51 SET(SMALL) DEBUG PRINT(.\Listings\ex4_1.lst) OBJECT(.\Objects
                      \ex4_1.obj) EP

LOC  OBJ            LINE     SOURCE

0000                   1     ORG 0
0000 7432              2     MOV A, #032H
0002 75F006            3     MOV B, #006H
0005 95F0              4     SUBB A, B
0007 75F007            5     MOV B, #007H
000A A4                6     MUL AB
                       7     END
A51 MACRO ASSEMBLER  EX4_1                                                                10/06/2022 19:56:50 PAGE     2

SYMBOL TABLE LISTING
------ ----- -------


N A M E             T Y P E  V A L U E   ATTRIBUTES

B. . . . . . . . .  D ADDR   00F0H   A   


REGISTER BANK(S) USED: 0 


ASSEMBLY COMPLETE.  0 WARNING(S), 0 ERROR(S)
