C51 COMPILER V9.60.0.0   EX11                                                              12/11/2022 22:24:17 PAGE 1   


C51 COMPILER V9.60.0.0, COMPILATION OF MODULE EX11
OBJECT MODULE PLACED IN .\Objects\ex11.obj
COMPILER INVOKED BY: C:\Keil_v5\C51\BIN\C51.EXE ex11.c OPTIMIZE(8,SPEED) BROWSE DEBUG OBJECTEXTEND PRINT(.\Listings\ex11
                    -.lst) TABS(2) OBJECT(.\Objects\ex11.obj)

line level    source

   1          #include<regx51.h>
   2          void delay(int);
   3          void turn();
   4          
   5          code char one_phase[] = {0x01, 0x02, 0x04, 0x08};//{0x01, 0x02, 0x04, 0x08};//{0x02, 0x04, 0x08, 0x01};//{
             -0x04, 0x08, 0x01, 0x02};//{0x08, 0x01, 0x02, 0x04};
   6          code char two_phase[] = {0x0c,0x06,0x03,0x09};//{0x0c,0x06,0x03,0x09};
   7          code char f_phase[] = {0x09,0x08,0x0c,0x04,0x06,0x02,0x03,0x01};//
   8          int dir, delay_time;
   9          int R, HS;
  10          void main()
  11          {
  12   1        delay_time = 1500;
  13   1        HS = 0;
  14   1        R = 0;
  15   1        IT0 = 1; //enable a low-level signal on external interr
  16   1        IT0 = 1;
  17   1        EX0 = 1; //enable INT0
  18   1        EX1 = 1;
  19   1        EA = 1; //enable interr
  20   1        while(1)
  21   1        {
  22   2          turn();
  23   2        }
  24   1      }
  25          
  26          void turn()
  27          {
  28   1        int x;
  29   1        if(R == 1)
  30   1        {
  31   2          for(x=7;x>0;x--)
  32   2          {
  33   3            P1= f_phase[x];
  34   3            delay(delay_time/(HS+1));
  35   3          }
  36   2        }
  37   1        else
  38   1        {
  39   2          for(x=0; x<8; x++)
  40   2          {
  41   3            P1= f_phase[x];
  42   3            delay(delay_time/(HS+1));
  43   3          }
  44   2        }
  45   1      }
  46          
  47          
  48          void delay(int t)
  49          {
  50   1        while(t--);
  51   1      }
  52          void int_0(void)interrupt 1
  53          {
C51 COMPILER V9.60.0.0   EX11                                                              12/11/2022 22:24:17 PAGE 2   

  54   1        HS=(!HS);
  55   1        delay(1000);
  56   1      }
  57          void int_1(void)interrupt 2
  58          {
  59   1        R=(!R);
  60   1        delay(1000);
  61   1      }


MODULE INFORMATION:   STATIC OVERLAYABLE
   CODE SIZE        =    235    ----
   CONSTANT SIZE    =     16    ----
   XDATA SIZE       =   ----    ----
   PDATA SIZE       =   ----    ----
   DATA SIZE        =      8       2
   IDATA SIZE       =   ----    ----
   BIT SIZE         =   ----    ----
END OF MODULE INFORMATION.


C51 COMPILATION COMPLETE.  0 WARNING(S),  0 ERROR(S)
