C51 COMPILER V9.60.0.0   EXX                                                               12/16/2022 00:38:15 PAGE 1   


C51 COMPILER V9.60.0.0, COMPILATION OF MODULE EXX
OBJECT MODULE PLACED IN .\Objects\exx.obj
COMPILER INVOKED BY: C:\Keil_v5\C51\BIN\C51.EXE exx.c OPTIMIZE(8,SPEED) BROWSE DEBUG OBJECTEXTEND PRINT(.\Listings\exx.l
                    -st) TABS(2) OBJECT(.\Objects\exx.obj)

line level    source

   1          #include <regx51.h>
   2          #include "lcd1602.h"
   3          unsigned char Pattern4[]= {0x00,0x1F,0x15,0x1F,0x1F,0x0A,0x1B,0x00};
   4          void main()
   5          {
   6   1        lcd1602_init();
   7   1        lcd1602_display_switch(true,true,true);
   8   1        lcd1602_write_cmd(0x0c);
   9   1        CreateCustomCharacter(Pattern4,4);
  10   1        lcd1602_string_set(1,0,"Hello");
  11   1        lcd1602_write_data(4);
  12   1      
  13   1        
  14   1        while(1)
  15   1        {
  16   2          int n;
  17   2          
  18   2          for(n=0; n<16 ; n++)
  19   2          {
  20   3            lcd1602_string_set(n-1,1," ");
  21   3            lcd1602_char_set(n,1,4);
  22   3            lcd1602_delay(50000);
  23   3          }
  24   2          
  25   2        }
  26   1        
  27   1      }


MODULE INFORMATION:   STATIC OVERLAYABLE
   CODE SIZE        =    103    ----
   CONSTANT SIZE    =      8    ----
   XDATA SIZE       =   ----    ----
   PDATA SIZE       =   ----    ----
   DATA SIZE        =      8       2
   IDATA SIZE       =   ----    ----
   BIT SIZE         =   ----    ----
END OF MODULE INFORMATION.


C51 COMPILATION COMPLETE.  0 WARNING(S),  0 ERROR(S)
