C51 COMPILER V9.60.0.0   EX9                                                               11/22/2022 17:26:16 PAGE 1   


C51 COMPILER V9.60.0.0, COMPILATION OF MODULE EX9
OBJECT MODULE PLACED IN .\Objects\ex9.obj
COMPILER INVOKED BY: C:\Keil_v5\C51\BIN\C51.EXE ex9.c OPTIMIZE(8,SPEED) BROWSE DEBUG OBJECTEXTEND PRINT(.\Listings\ex9.l
                    -st) TABS(2) OBJECT(.\Objects\ex9.obj)

line level    source

   1          /*#include <regx51.h>
   2          
   3          void main( )
   4          {
   5            while(1)
   6            {
   7              if(P1 >256 / 2) //if P1 greater than 256/2
   8              P2 = 0; //LED on
   9              else
  10                P2 = 255; //LED off
  11            }
  12          }
  13          */
  14          
  15          #include <regx51.h>
  16          
  17          void main( )
  18          {
  19   1      IT0 = 0; //enable a low-level signal on external interrupt
  20   1      EX0 = 1; //enable INT0
  21   1      EA = 1; //enable interrupt
  22   1      P3_4 = 0; //WR=0,clean the data
  23   1      P3_4 = 1; //WR=1,analog convert to digital
  24   1       while(1); //infinite loop
  25   1      }
  26          void int_0(void)interrupt 0 //INT0 interrupt function
  27          {
  28   1       P3_5 = 0; //RD=0,read the digital data
  29   1        switch(P1/28)
  30   1        { 
  31   2          case 8:
  32   2            P2= 0;
  33   2          break;
  34   2          
  35   2          case 7:
  36   2            P2= 1;
  37   2          break;
  38   2          
  39   2          case 6:
  40   2            P2= 3;
  41   2          break;
  42   2          
  43   2          case 5:
  44   2            P2= 7;
  45   2          break;
  46   2          
  47   2          case 4:
  48   2            P2= 15;
  49   2          break;
  50   2          
  51   2          case 3:
  52   2            P2= 31;
  53   2          break;
  54   2          
C51 COMPILER V9.60.0.0   EX9                                                               11/22/2022 17:26:16 PAGE 2   

  55   2          case 2:
  56   2            P2= 63;
  57   2          break;
  58   2          
  59   2          case 1:
  60   2            P2= 127;
  61   2          break;
  62   2          
  63   2          case 0:
  64   2            P2= 255;
  65   2          break;
  66   2        }
  67   1      /*  
  68   1        if (P1 >256 / 2)
  69   1       {
  70   1        P2 = 0; //LED on
  71   1       }
  72   1       else
  73   1       {
  74   1        P2 = 255; //LED off
  75   1       }*/
  76   1       P3_5 = 1; //RD=1
  77   1       P3_4 = 0; //WR=0,clean the data
  78   1       P3_4 = 1; //WR=1,analog convert to digital
  79   1      }


MODULE INFORMATION:   STATIC OVERLAYABLE
   CODE SIZE        =    136    ----
   CONSTANT SIZE    =   ----    ----
   XDATA SIZE       =   ----    ----
   PDATA SIZE       =   ----    ----
   DATA SIZE        =   ----    ----
   IDATA SIZE       =   ----    ----
   BIT SIZE         =   ----    ----
END OF MODULE INFORMATION.


C51 COMPILATION COMPLETE.  0 WARNING(S),  0 ERROR(S)
