C51 COMPILER V9.60.0.0   EX7                                                               11/01/2022 16:29:58 PAGE 1   


C51 COMPILER V9.60.0.0, COMPILATION OF MODULE EX7
OBJECT MODULE PLACED IN .\Objects\ex7.obj
COMPILER INVOKED BY: C:\Keil_v5\C51\BIN\C51.EXE ex7.c OPTIMIZE(8,SPEED) BROWSE DEBUG OBJECTEXTEND PRINT(.\Listings\ex7.l
                    -st) TABS(2) OBJECT(.\Objects\ex7.obj)

line level    source

   1          #include <regx51.h>// include header file for 8051
   2          #define TH0_init 0x06 //TH 0 _ 256 250
   3          #define TL0_init 0x06 //TL 0 _init 256 250
   4          #define Timer0_int_exe_time 400 //the parameter can be changed
   5          void delay(int t);
   6          int counter;
   7          void main()
   8          {
   9   1        TMOD = 0x02; //set timer 0 to mode 2 8 bits and auto reload)
  10   1        IP = 0x02 ;//timer 0 interrupt has high priority
  11   1        IE = 0x82 ;//enable timer 0 interrupt
  12   1        P2 = 0xff ;
  13   1        TL0 = TL0_init ;
  14   1        TH0 = TH0_init ;//set TH 0 TL 0
  15   1        TCON = 0x10 ; //enable timer 0
  16   1        while(1)
  17   1        {
  18   2          delay(10000); //adjust this parameter to match timer
  19   2          P2_0 =~P2_0 ;//inverse P 2 0
  20   2        }
  21   1      }
  22          
  23          void timer0_interrupt (void) interrupt 1 ////‘interrupt 1 is int vector of INT 0
  24          {
  25   1        counter++;
  26   1      
  27   1        if (counter ==Timer0_int_exe_time)// 250 clock cycle 2000 0 5 second
  28   1        {
  29   2          P2_1 =~P2_1;// inverse P 2 0
  30   2          counter =0;
  31   2        }
  32   1      }
  33          //delay function
  34          
  35          void delay(int t)
  36          {
  37   1          while(t--);
  38   1      } 


MODULE INFORMATION:   STATIC OVERLAYABLE
   CODE SIZE        =     76    ----
   CONSTANT SIZE    =   ----    ----
   XDATA SIZE       =   ----    ----
   PDATA SIZE       =   ----    ----
   DATA SIZE        =      2    ----
   IDATA SIZE       =   ----    ----
   BIT SIZE         =   ----    ----
END OF MODULE INFORMATION.


C51 COMPILATION COMPLETE.  0 WARNING(S),  0 ERROR(S)
